<html>
<head>
<title>TestNG:  TimesheetSanityTest</title>
<link href="../testng.css" rel="stylesheet" type="text/css" />
<link href="../my-testng.css" rel="stylesheet" type="text/css" />

<style type="text/css">
.log { display: none;} 
.stack-trace { display: none;} 
</style>
<script type="text/javascript">
<!--
function flip(e) {
  current = e.style.display;
  if (current == 'block') {
    e.style.display = 'none';
    return 0;
  }
  else {
    e.style.display = 'block';
    return 1;
  }
}

function toggleBox(szDivId, elem, msg1, msg2)
{
  var res = -1;  if (document.getElementById) {
    res = flip(document.getElementById(szDivId));
  }
  else if (document.all) {
    // this is the way old msie versions work
    res = flip(document.all[szDivId]);
  }
  if(elem) {
    if(res == 0) elem.innerHTML = msg1; else elem.innerHTML = msg2;
  }

}

function toggleAllBoxes() {
  if (document.getElementsByTagName) {
    d = document.getElementsByTagName('div');
    for (i = 0; i < d.length; i++) {
      if (d[i].className == 'log') {
        flip(d[i]);
      }
    }
  }
}

// -->
</script>

</head>
<body>
<h2 align='center'>TimesheetSanityTest</h2><table border='1' align="center">
<tr>
<td>Tests passed/Failed/Skipped:</td><td>0/0/1</td>
</tr><tr>
<td>Started on:</td><td>Tue Oct 31 12:04:57 CDT 2017</td>
</tr>
<tr><td>Total time:</td><td>53 seconds (53686 ms)</td>
</tr><tr>
<td>Included groups:</td><td></td>
</tr><tr>
<td>Excluded groups:</td><td></td>
</tr>
</table><p/>
<small><i>(Hover the method name to see the test class name)</i></small><p/>
<table width='100%' border='1' class='invocation-failed'>
<tr><td colspan='4' align='center'><b>FAILED CONFIGURATIONS</b></td></tr>
<tr><td><b>Test method</b></td>
<td width="30%"><b>Exception</b></td>
<td width="10%"><b>Time (seconds)</b></td>
<td><b>Instance</b></td>
</tr>
<tr>
<td title='com.xora.test.admin.TimeSheetsSanityTest.loginTodevice()'><b>loginTodevice</b><br>Test class: com.xora.test.admin.TimeSheetsSanityTest</td>
<td><div><pre>java.lang.AssertionError: Failed to load login page
	at com.xora.pageObjects.DeviceLoginPage.isLoaded(DeviceLoginPage.java:67)
	at org.openqa.selenium.support.ui.LoadableComponent.get(LoadableComponent.java:52)
	at com.xora.test.SeleniumPostLoginTest.loginTodevice(SeleniumPostLoginTest.scala:31)
... Removed 26 stack frames</pre></div><a href='#' onClick='toggleBox("stack-trace2050370411", this, "Click to show all stack frames", "Click to hide stack frames")'>Click to show all stack frames</a>
<div class='stack-trace' id='stack-trace2050370411'><pre>java.lang.AssertionError: Failed to load login page
	at org.testng.Assert.fail(Assert.java:94)
	at com.xora.pageObjects.DeviceLoginPage.isLoaded(DeviceLoginPage.java:67)
	at org.openqa.selenium.support.ui.LoadableComponent.get(LoadableComponent.java:52)
	at com.xora.test.SeleniumPostLoginTest.loginTodevice(SeleniumPostLoginTest.scala:31)
	at sun.reflect.NativeMethodAccessorImpl.invoke0(Native Method)
	at sun.reflect.NativeMethodAccessorImpl.invoke(NativeMethodAccessorImpl.java:62)
	at sun.reflect.DelegatingMethodAccessorImpl.invoke(DelegatingMethodAccessorImpl.java:43)
	at java.lang.reflect.Method.invoke(Method.java:498)
	at org.testng.internal.MethodInvocationHelper.invokeMethod(MethodInvocationHelper.java:85)
	at org.testng.internal.Invoker.invokeConfigurationMethod(Invoker.java:517)
	at org.testng.internal.Invoker.invokeConfigurations(Invoker.java:213)
	at org.testng.internal.Invoker.invokeConfigurations(Invoker.java:140)
	at org.testng.TestRunner.beforeRun(TestRunner.java:645)
	at org.testng.TestRunner.run(TestRunner.java:613)
	at org.testng.SuiteRunner.runTest(SuiteRunner.java:357)
	at org.testng.SuiteRunner.runSequentially(SuiteRunner.java:352)
	at org.testng.SuiteRunner.privateRun(SuiteRunner.java:310)
	at org.testng.SuiteRunner.run(SuiteRunner.java:259)
	at org.testng.SuiteRunnerWorker.runSuite(SuiteRunnerWorker.java:52)
	at org.testng.SuiteRunnerWorker.run(SuiteRunnerWorker.java:86)
	at org.testng.TestNG.runSuitesSequentially(TestNG.java:1199)
	at org.testng.TestNG.runSuitesLocally(TestNG.java:1124)
	at org.testng.TestNG.run(TestNG.java:1032)
	at org.apache.maven.surefire.testng.TestNGExecutor.run(TestNGExecutor.java:217)
	at org.apache.maven.surefire.testng.TestNGXmlTestSuite.execute(TestNGXmlTestSuite.java:84)
	at org.apache.maven.surefire.testng.TestNGProvider.invoke(TestNGProvider.java:92)
	at org.apache.maven.surefire.booter.ForkedBooter.invokeProviderInSameClassLoader(ForkedBooter.java:200)
	at org.apache.maven.surefire.booter.ForkedBooter.runSuitesInProcess(ForkedBooter.java:153)
	at org.apache.maven.surefire.booter.ForkedBooter.main(ForkedBooter.java:103)
</pre></div></td>
<td>0</td>
<td>null</td></tr>
</table><p>
<table width='100%' border='1' class='invocation-skipped'>
<tr><td colspan='4' align='center'><b>SKIPPED CONFIGURATIONS</b></td></tr>
<tr><td><b>Test method</b></td>
<td width="30%"><b>Exception</b></td>
<td width="10%"><b>Time (seconds)</b></td>
<td><b>Instance</b></td>
</tr>
<tr>
<td title='com.xora.test.admin.TimeSheetsSanityTest.init()'><b>init</b><br>Test class: com.xora.test.admin.TimeSheetsSanityTest</td>
<td></td>
<td>0</td>
<td>com.xora.test.admin.TimeSheetsSanityTest@5cdd8682</td></tr>
<tr>
<td title='com.xora.test.admin.TimeSheetsSanityTest.setScreenshot()'><b>setScreenshot</b><br>Test class: com.xora.test.admin.TimeSheetsSanityTest</td>
<td></td>
<td>0</td>
<td>com.xora.test.admin.TimeSheetsSanityTest@5cdd8682</td></tr>
<tr>
<td title='com.xora.test.admin.TimeSheetsSanityTest.stopService()'><b>stopService</b><br>Test class: com.xora.test.admin.TimeSheetsSanityTest</td>
<td></td>
<td>0</td>
<td>null</td></tr>
</table><p>
<table width='100%' border='1' class='invocation-skipped'>
<tr><td colspan='4' align='center'><b>SKIPPED TESTS</b></td></tr>
<tr><td><b>Test method</b></td>
<td width="30%"><b>Exception</b></td>
<td width="10%"><b>Time (seconds)</b></td>
<td><b>Instance</b></td>
</tr>
<tr>
<td title='com.xora.test.admin.TimeSheetsSanityTest.timeSheetsSanitytest()'><b>timeSheetsSanitytest</b><br>Test class: com.xora.test.admin.TimeSheetsSanityTest</td>
<td></td>
<td>0</td>
<td>com.xora.test.admin.TimeSheetsSanityTest@5cdd8682</td></tr>
</table><p>
</body>
</html>