<?xml version="1.0" encoding="UTF-8"?>
<!-- Generated by org.testng.reporters.JUnitXMLReporter -->
<testsuite hostname="SAkkipalli-HP" name="TimesheetSanityTest" tests="1" failures="0" timestamp="31 Oct 2017 17:05:50 GMT" time="53.686" errors="0">
  <testcase name="@BeforeTest loginTodevice" time="0.0" classname="com.xora.test.admin.TimeSheetsSanityTest">
    <failure type="java.lang.AssertionError" message="Failed to load login page">
      <![CDATA[java.lang.AssertionError: Failed to load login page
	at com.xora.pageObjects.DeviceLoginPage.isLoaded(DeviceLoginPage.java:67)
	at org.openqa.selenium.support.ui.LoadableComponent.get(LoadableComponent.java:52)
	at com.xora.test.SeleniumPostLoginTest.loginTodevice(SeleniumPostLoginTest.scala:31)
... Removed 26 stack frames]]>
    </failure>
  </testcase> <!-- @BeforeTest loginTodevice -->
  <testcase name="@BeforeMethod init" time="0.0" classname="com.xora.test.admin.TimeSheetsSanityTest">
    <skipped/>
  </testcase> <!-- @BeforeMethod init -->
  <testcase name="@AfterMethod setScreenshot" time="0.0" classname="com.xora.test.admin.TimeSheetsSanityTest">
    <skipped/>
  </testcase> <!-- @AfterMethod setScreenshot -->
  <testcase name="@AfterTest stopService" time="0.0" classname="com.xora.test.admin.TimeSheetsSanityTest">
    <skipped/>
  </testcase> <!-- @AfterTest stopService -->
  <testcase name="timeSheetsSanitytest" time="0.002" classname="com.xora.test.admin.TimeSheetsSanityTest">
    <skipped/>
  </testcase> <!-- timeSheetsSanitytest -->
</testsuite> <!-- TimesheetSanityTest -->
