<?xml version="1.0" encoding="UTF-8"?>
<testng-results skipped="1" failed="0" total="1" passed="0">
  <reporter-output>
  </reporter-output>
  <suite name="Automation Test Suite" duration-ms="53686" started-at="2017-10-31T17:04:57Z" finished-at="2017-10-31T17:05:50Z">
    <groups>
    </groups>
    <test name="TimesheetSanityTest" duration-ms="53686" started-at="2017-10-31T17:04:57Z" finished-at="2017-10-31T17:05:50Z">
      <class name="com.xora.test.admin.TimeSheetsSanityTest">
        <test-method status="PASS" signature="configureSessionForDevice()[pri:0, instance:com.xora.test.admin.TimeSheetsSanityTest@5cdd8682]" name="configureSessionForDevice" is-config="true" duration-ms="21606" started-at="2017-10-31T12:04:57Z" finished-at="2017-10-31T12:05:18Z">
          <reporter-output>
          </reporter-output>
        </test-method> <!-- configureSessionForDevice -->
        <test-method status="PASS" signature="createAndStartService()[pri:0, instance:com.xora.test.admin.TimeSheetsSanityTest@5cdd8682]" name="createAndStartService" is-config="true" duration-ms="3363" started-at="2017-10-31T12:05:18Z" finished-at="2017-10-31T12:05:22Z">
          <reporter-output>
          </reporter-output>
        </test-method> <!-- createAndStartService -->
        <test-method status="PASS" signature="login()[pri:0, instance:com.xora.test.admin.TimeSheetsSanityTest@5cdd8682]" name="login" is-config="true" duration-ms="28474" started-at="2017-10-31T12:05:22Z" depends-on-methods="com.xora.test.SeleniumBaseTest.configureSessionForDevice, com.xora.test.SeleniumBaseTest.createAndStartService" finished-at="2017-10-31T12:05:50Z">
          <reporter-output>
          </reporter-output>
        </test-method> <!-- login -->
        <test-method status="FAIL" signature="loginTodevice()[pri:0, instance:com.xora.test.admin.TimeSheetsSanityTest@5cdd8682]" name="loginTodevice" is-config="true" duration-ms="0" started-at="2017-10-31T12:05:50Z" depends-on-methods="com.xora.test.SeleniumBaseTest.configureSessionForDevice, com.xora.test.SeleniumBaseTest.createAndStartService" finished-at="2017-10-31T12:05:50Z">
          <exception class="java.lang.AssertionError">
            <message>
              <![CDATA[Failed to load login page]]>
            </message>
            <full-stacktrace>
              <![CDATA[java.lang.AssertionError: Failed to load login page
	at org.testng.Assert.fail(Assert.java:94)
	at com.xora.pageObjects.DeviceLoginPage.isLoaded(DeviceLoginPage.java:67)
	at org.openqa.selenium.support.ui.LoadableComponent.get(LoadableComponent.java:52)
	at com.xora.test.SeleniumPostLoginTest.loginTodevice(SeleniumPostLoginTest.scala:31)
	at sun.reflect.NativeMethodAccessorImpl.invoke0(Native Method)
	at sun.reflect.NativeMethodAccessorImpl.invoke(NativeMethodAccessorImpl.java:62)
	at sun.reflect.DelegatingMethodAccessorImpl.invoke(DelegatingMethodAccessorImpl.java:43)
	at java.lang.reflect.Method.invoke(Method.java:498)
	at org.testng.internal.MethodInvocationHelper.invokeMethod(MethodInvocationHelper.java:85)
	at org.testng.internal.Invoker.invokeConfigurationMethod(Invoker.java:517)
	at org.testng.internal.Invoker.invokeConfigurations(Invoker.java:213)
	at org.testng.internal.Invoker.invokeConfigurations(Invoker.java:140)
	at org.testng.TestRunner.beforeRun(TestRunner.java:645)
	at org.testng.TestRunner.run(TestRunner.java:613)
	at org.testng.SuiteRunner.runTest(SuiteRunner.java:357)
	at org.testng.SuiteRunner.runSequentially(SuiteRunner.java:352)
	at org.testng.SuiteRunner.privateRun(SuiteRunner.java:310)
	at org.testng.SuiteRunner.run(SuiteRunner.java:259)
	at org.testng.SuiteRunnerWorker.runSuite(SuiteRunnerWorker.java:52)
	at org.testng.SuiteRunnerWorker.run(SuiteRunnerWorker.java:86)
	at org.testng.TestNG.runSuitesSequentially(TestNG.java:1199)
	at org.testng.TestNG.runSuitesLocally(TestNG.java:1124)
	at org.testng.TestNG.run(TestNG.java:1032)
	at org.apache.maven.surefire.testng.TestNGExecutor.run(TestNGExecutor.java:217)
	at org.apache.maven.surefire.testng.TestNGXmlTestSuite.execute(TestNGXmlTestSuite.java:84)
	at org.apache.maven.surefire.testng.TestNGProvider.invoke(TestNGProvider.java:92)
	at org.apache.maven.surefire.booter.ForkedBooter.invokeProviderInSameClassLoader(ForkedBooter.java:200)
	at org.apache.maven.surefire.booter.ForkedBooter.runSuitesInProcess(ForkedBooter.java:153)
	at org.apache.maven.surefire.booter.ForkedBooter.main(ForkedBooter.java:103)
]]>
            </full-stacktrace>
          </exception> <!-- java.lang.AssertionError -->
          <reporter-output>
          </reporter-output>
        </test-method> <!-- loginTodevice -->
        <test-method status="SKIP" signature="timeSheetsSanitytest()[pri:0, instance:com.xora.test.admin.TimeSheetsSanityTest@5cdd8682]" name="timeSheetsSanitytest" duration-ms="2" started-at="2017-10-31T12:05:50Z" finished-at="2017-10-31T12:05:50Z">
          <reporter-output>
          </reporter-output>
        </test-method> <!-- timeSheetsSanitytest -->
        <test-method status="SKIP" signature="init()[pri:0, instance:com.xora.test.admin.TimeSheetsSanityTest@5cdd8682]" name="init" is-config="true" duration-ms="0" started-at="2017-10-31T12:05:50Z" finished-at="2017-10-31T12:05:50Z">
          <reporter-output>
          </reporter-output>
        </test-method> <!-- init -->
        <test-method status="SKIP" signature="setScreenshot(org.testng.ITestResult)[pri:0, instance:com.xora.test.admin.TimeSheetsSanityTest@5cdd8682]" name="setScreenshot" is-config="true" duration-ms="0" started-at="2017-10-31T12:05:50Z" finished-at="2017-10-31T12:05:50Z">
          <reporter-output>
          </reporter-output>
        </test-method> <!-- setScreenshot -->
        <test-method status="SKIP" signature="stopService()[pri:0, instance:com.xora.test.admin.TimeSheetsSanityTest@5cdd8682]" name="stopService" is-config="true" duration-ms="0" started-at="2017-10-31T12:05:50Z" finished-at="2017-10-31T12:05:50Z">
          <reporter-output>
          </reporter-output>
        </test-method> <!-- stopService -->
      </class> <!-- com.xora.test.admin.TimeSheetsSanityTest -->
    </test> <!-- TimesheetSanityTest -->
  </suite> <!-- Automation Test Suite -->
</testng-results>
